{"/home/ubuntu/workspace/features/support/world.js":{"path":"/home/ubuntu/workspace/features/support/world.js","s":{"1":1,"2":10,"3":10,"4":10,"5":4,"6":4,"7":4,"8":4,"9":1,"10":1},"b":{},"f":{"1":10,"2":4,"3":4,"4":1},"fnMap":{"1":{"name":"World","line":8,"loc":{"start":{"line":8,"column":0},"end":{"line":8,"column":17}}},"2":{"name":"(anonymous_2)","line":16,"loc":{"start":{"line":16,"column":22},"end":{"line":16,"column":57}}},"3":{"name":"(anonymous_3)","line":17,"loc":{"start":{"line":17,"column":26},"end":{"line":17,"column":39}}},"4":{"name":"(anonymous_4)","line":32,"loc":{"start":{"line":32,"column":17},"end":{"line":32,"column":28}}}},"statementMap":{"1":{"start":{"line":8,"column":0},"end":{"line":30,"column":1}},"2":{"start":{"line":9,"column":1},"end":{"line":11,"column":32}},"3":{"start":{"line":13,"column":4},"end":{"line":13,"column":48}},"4":{"start":{"line":16,"column":1},"end":{"line":29,"column":3}},"5":{"start":{"line":17,"column":2},"end":{"line":28,"column":5}},"6":{"start":{"line":18,"column":3},"end":{"line":21,"column":38}},"7":{"start":{"line":23,"column":3},"end":{"line":27,"column":36}},"8":{"start":{"line":27,"column":25},"end":{"line":27,"column":33}},"9":{"start":{"line":32,"column":0},"end":{"line":34,"column":2}},"10":{"start":{"line":33,"column":2},"end":{"line":33,"column":21}}},"branchMap":{}},"/home/ubuntu/workspace/features/step_definitions/general.js":{"path":"/home/ubuntu/workspace/features/step_definitions/general.js","s":{"1":1,"2":1,"3":1,"4":1,"5":1,"6":1,"7":1,"8":1,"9":1,"10":1,"11":1,"12":1,"13":2,"14":1,"15":1,"16":1,"17":1,"18":1,"19":1,"20":0,"21":0,"22":0,"23":0,"24":0,"25":0,"26":0,"27":1,"28":1,"29":1,"30":0,"31":1,"32":0,"33":1,"34":0,"35":1,"36":0},"b":{},"f":{"1":1,"2":1,"3":1,"4":1,"5":1,"6":2,"7":1,"8":1,"9":0,"10":1,"11":0,"12":0,"13":0,"14":0},"fnMap":{"1":{"name":"(anonymous_1)","line":1,"loc":{"start":{"line":1,"column":17},"end":{"line":1,"column":29}}},"2":{"name":"(anonymous_2)","line":4,"loc":{"start":{"line":4,"column":51},"end":{"line":4,"column":62}}},"3":{"name":"(anonymous_3)","line":5,"loc":{"start":{"line":5,"column":32},"end":{"line":5,"column":49}}},"4":{"name":"(anonymous_4)","line":12,"loc":{"start":{"line":12,"column":60},"end":{"line":12,"column":86}}},"5":{"name":"(anonymous_5)","line":15,"loc":{"start":{"line":15,"column":14},"end":{"line":15,"column":34}}},"6":{"name":"(anonymous_6)","line":21,"loc":{"start":{"line":21,"column":49},"end":{"line":21,"column":71}}},"7":{"name":"(anonymous_7)","line":25,"loc":{"start":{"line":25,"column":58},"end":{"line":25,"column":84}}},"8":{"name":"(anonymous_8)","line":28,"loc":{"start":{"line":28,"column":14},"end":{"line":28,"column":34}}},"9":{"name":"(anonymous_9)","line":34,"loc":{"start":{"line":34,"column":48},"end":{"line":34,"column":68}}},"10":{"name":"(anonymous_10)","line":50,"loc":{"start":{"line":50,"column":67},"end":{"line":50,"column":79}}},"11":{"name":"(anonymous_11)","line":54,"loc":{"start":{"line":54,"column":47},"end":{"line":54,"column":59}}},"12":{"name":"(anonymous_12)","line":58,"loc":{"start":{"line":58,"column":36},"end":{"line":58,"column":56}}},"13":{"name":"(anonymous_13)","line":62,"loc":{"start":{"line":62,"column":47},"end":{"line":62,"column":59}}},"14":{"name":"(anonymous_14)","line":66,"loc":{"start":{"line":66,"column":46},"end":{"line":66,"column":70}}}},"statementMap":{"1":{"start":{"line":1,"column":0},"end":{"line":69,"column":2}},"2":{"start":{"line":2,"column":4},"end":{"line":2,"column":42}},"3":{"start":{"line":4,"column":4},"end":{"line":10,"column":7}},"4":{"start":{"line":5,"column":8},"end":{"line":9,"column":11}},"5":{"start":{"line":7,"column":12},"end":{"line":7,"column":55}},"6":{"start":{"line":8,"column":12},"end":{"line":8,"column":26}},"7":{"start":{"line":12,"column":4},"end":{"line":19,"column":7}},"8":{"start":{"line":13,"column":8},"end":{"line":13,"column":24}},"9":{"start":{"line":14,"column":8},"end":{"line":18,"column":11}},"10":{"start":{"line":16,"column":12},"end":{"line":16,"column":37}},"11":{"start":{"line":17,"column":12},"end":{"line":17,"column":28}},"12":{"start":{"line":21,"column":4},"end":{"line":23,"column":7}},"13":{"start":{"line":22,"column":8},"end":{"line":22,"column":73}},"14":{"start":{"line":25,"column":4},"end":{"line":32,"column":7}},"15":{"start":{"line":26,"column":8},"end":{"line":26,"column":24}},"16":{"start":{"line":27,"column":8},"end":{"line":31,"column":11}},"17":{"start":{"line":29,"column":12},"end":{"line":29,"column":37}},"18":{"start":{"line":30,"column":12},"end":{"line":30,"column":28}},"19":{"start":{"line":34,"column":4},"end":{"line":48,"column":7}},"20":{"start":{"line":35,"column":8},"end":{"line":35,"column":26}},"21":{"start":{"line":37,"column":8},"end":{"line":47,"column":11}},"22":{"start":{"line":39,"column":12},"end":{"line":39,"column":47}},"23":{"start":{"line":40,"column":12},"end":{"line":40,"column":54}},"24":{"start":{"line":42,"column":12},"end":{"line":42,"column":28}},"25":{"start":{"line":45,"column":12},"end":{"line":45,"column":53}},"26":{"start":{"line":46,"column":12},"end":{"line":46,"column":64}},"27":{"start":{"line":50,"column":4},"end":{"line":52,"column":7}},"28":{"start":{"line":51,"column":8},"end":{"line":51,"column":74}},"29":{"start":{"line":54,"column":4},"end":{"line":56,"column":7}},"30":{"start":{"line":55,"column":8},"end":{"line":55,"column":50}},"31":{"start":{"line":58,"column":4},"end":{"line":60,"column":7}},"32":{"start":{"line":59,"column":8},"end":{"line":59,"column":47}},"33":{"start":{"line":62,"column":4},"end":{"line":64,"column":7}},"34":{"start":{"line":63,"column":8},"end":{"line":63,"column":49}},"35":{"start":{"line":66,"column":4},"end":{"line":68,"column":7}},"36":{"start":{"line":67,"column":8},"end":{"line":67,"column":57}}},"branchMap":{}},"/home/ubuntu/workspace/features/step_definitions/healthcheck.js":{"path":"/home/ubuntu/workspace/features/step_definitions/healthcheck.js","s":{"1":1,"2":1,"3":1,"4":1,"5":1},"b":{},"f":{"1":1,"2":1},"fnMap":{"1":{"name":"(anonymous_1)","line":1,"loc":{"start":{"line":1,"column":17},"end":{"line":1,"column":29}}},"2":{"name":"(anonymous_2)","line":4,"loc":{"start":{"line":4,"column":57},"end":{"line":4,"column":69}}}},"statementMap":{"1":{"start":{"line":1,"column":0},"end":{"line":8,"column":2}},"2":{"start":{"line":2,"column":4},"end":{"line":2,"column":42}},"3":{"start":{"line":4,"column":4},"end":{"line":7,"column":7}},"4":{"start":{"line":5,"column":8},"end":{"line":5,"column":53}},"5":{"start":{"line":6,"column":8},"end":{"line":6,"column":49}}},"branchMap":{}},"/home/ubuntu/workspace/features/step_definitions/notes.js":{"path":"/home/ubuntu/workspace/features/step_definitions/notes.js","s":{"1":1,"2":1,"3":1,"4":1,"5":1},"b":{},"f":{"1":1,"2":1},"fnMap":{"1":{"name":"(anonymous_1)","line":1,"loc":{"start":{"line":1,"column":17},"end":{"line":1,"column":29}}},"2":{"name":"(anonymous_2)","line":7,"loc":{"start":{"line":7,"column":41},"end":{"line":7,"column":53}}}},"statementMap":{"1":{"start":{"line":1,"column":0},"end":{"line":10,"column":2}},"2":{"start":{"line":2,"column":4},"end":{"line":4,"column":29}},"3":{"start":{"line":5,"column":4},"end":{"line":5,"column":37}},"4":{"start":{"line":7,"column":4},"end":{"line":9,"column":10}},"5":{"start":{"line":8,"column":8},"end":{"line":8,"column":56}}},"branchMap":{}},"/home/ubuntu/workspace/features/step_definitions/orders.js":{"path":"/home/ubuntu/workspace/features/step_definitions/orders.js","s":{"1":1,"2":1,"3":1,"4":1,"5":1,"6":1,"7":1,"8":1,"9":1,"10":1,"11":1,"12":1,"13":1,"14":1,"15":1,"16":1,"17":1,"18":1,"19":2,"20":2,"21":1,"22":0,"23":1,"24":0,"25":0,"26":0,"27":0,"28":1,"29":1,"30":1,"31":1,"32":1,"33":1,"34":1,"35":1},"b":{},"f":{"1":1,"2":1,"3":1,"4":1,"5":1,"6":2,"7":0,"8":0,"9":1,"10":1},"fnMap":{"1":{"name":"(anonymous_1)","line":1,"loc":{"start":{"line":1,"column":17},"end":{"line":1,"column":29}}},"2":{"name":"(anonymous_2)","line":16,"loc":{"start":{"line":16,"column":57},"end":{"line":16,"column":75}}},"3":{"name":"(anonymous_3)","line":26,"loc":{"start":{"line":26,"column":39},"end":{"line":26,"column":51}}},"4":{"name":"(anonymous_4)","line":37,"loc":{"start":{"line":37,"column":44},"end":{"line":37,"column":56}}},"5":{"name":"(anonymous_5)","line":41,"loc":{"start":{"line":41,"column":38},"end":{"line":41,"column":56}}},"6":{"name":"(anonymous_6)","line":45,"loc":{"start":{"line":45,"column":34},"end":{"line":45,"column":46}}},"7":{"name":"(anonymous_7)","line":51,"loc":{"start":{"line":51,"column":38},"end":{"line":51,"column":58}}},"8":{"name":"(anonymous_8)","line":55,"loc":{"start":{"line":55,"column":45},"end":{"line":55,"column":57}}},"9":{"name":"(anonymous_9)","line":66,"loc":{"start":{"line":66,"column":69},"end":{"line":66,"column":81}}},"10":{"name":"(anonymous_10)","line":82,"loc":{"start":{"line":82,"column":77},"end":{"line":82,"column":89}}}},"statementMap":{"1":{"start":{"line":1,"column":0},"end":{"line":97,"column":1}},"2":{"start":{"line":2,"column":4},"end":{"line":5,"column":29}},"3":{"start":{"line":7,"column":4},"end":{"line":14,"column":6}},"4":{"start":{"line":16,"column":4},"end":{"line":24,"column":7}},"5":{"start":{"line":17,"column":8},"end":{"line":17,"column":26}},"6":{"start":{"line":19,"column":8},"end":{"line":23,"column":11}},"7":{"start":{"line":21,"column":12},"end":{"line":21,"column":47}},"8":{"start":{"line":22,"column":12},"end":{"line":22,"column":28}},"9":{"start":{"line":26,"column":4},"end":{"line":35,"column":7}},"10":{"start":{"line":27,"column":8},"end":{"line":29,"column":44}},"11":{"start":{"line":30,"column":8},"end":{"line":34,"column":11}},"12":{"start":{"line":32,"column":12},"end":{"line":32,"column":58}},"13":{"start":{"line":33,"column":12},"end":{"line":33,"column":28}},"14":{"start":{"line":37,"column":4},"end":{"line":39,"column":7}},"15":{"start":{"line":38,"column":8},"end":{"line":38,"column":59}},"16":{"start":{"line":41,"column":4},"end":{"line":43,"column":7}},"17":{"start":{"line":42,"column":8},"end":{"line":42,"column":74}},"18":{"start":{"line":45,"column":4},"end":{"line":49,"column":7}},"19":{"start":{"line":46,"column":8},"end":{"line":46,"column":31}},"20":{"start":{"line":48,"column":8},"end":{"line":48,"column":23}},"21":{"start":{"line":51,"column":4},"end":{"line":53,"column":7}},"22":{"start":{"line":52,"column":8},"end":{"line":52,"column":35}},"23":{"start":{"line":55,"column":4},"end":{"line":64,"column":7}},"24":{"start":{"line":57,"column":8},"end":{"line":63,"column":11}},"25":{"start":{"line":59,"column":12},"end":{"line":59,"column":49}},"26":{"start":{"line":61,"column":12},"end":{"line":61,"column":65}},"27":{"start":{"line":62,"column":12},"end":{"line":62,"column":28}},"28":{"start":{"line":66,"column":3},"end":{"line":80,"column":6}},"29":{"start":{"line":68,"column":8},"end":{"line":75,"column":10}},"30":{"start":{"line":77,"column":8},"end":{"line":77,"column":31}},"31":{"start":{"line":79,"column":8},"end":{"line":79,"column":23}},"32":{"start":{"line":82,"column":3},"end":{"line":96,"column":6}},"33":{"start":{"line":84,"column":8},"end":{"line":91,"column":10}},"34":{"start":{"line":93,"column":8},"end":{"line":93,"column":31}},"35":{"start":{"line":95,"column":8},"end":{"line":95,"column":23}}},"branchMap":{}},"/home/ubuntu/workspace/features/step_definitions/products.js":{"path":"/home/ubuntu/workspace/features/step_definitions/products.js","s":{"1":1,"2":1,"3":1,"4":1,"5":1,"6":1,"7":1,"8":1,"9":1,"10":1,"11":1,"12":1,"13":1,"14":1},"b":{},"f":{"1":1,"2":1,"3":1,"4":1},"fnMap":{"1":{"name":"(anonymous_1)","line":1,"loc":{"start":{"line":1,"column":17},"end":{"line":1,"column":29}}},"2":{"name":"(anonymous_2)","line":19,"loc":{"start":{"line":19,"column":35},"end":{"line":19,"column":47}}},"3":{"name":"(anonymous_3)","line":25,"loc":{"start":{"line":25,"column":64},"end":{"line":25,"column":76}}},"4":{"name":"(anonymous_4)","line":43,"loc":{"start":{"line":43,"column":65},"end":{"line":43,"column":77}}}},"statementMap":{"1":{"start":{"line":1,"column":0},"end":{"line":60,"column":1}},"2":{"start":{"line":2,"column":4},"end":{"line":5,"column":29}},"3":{"start":{"line":7,"column":4},"end":{"line":17,"column":10}},"4":{"start":{"line":19,"column":4},"end":{"line":23,"column":7}},"5":{"start":{"line":20,"column":8},"end":{"line":20,"column":31}},"6":{"start":{"line":22,"column":8},"end":{"line":22,"column":23}},"7":{"start":{"line":25,"column":4},"end":{"line":41,"column":7}},"8":{"start":{"line":26,"column":8},"end":{"line":36,"column":10}},"9":{"start":{"line":38,"column":8},"end":{"line":38,"column":31}},"10":{"start":{"line":40,"column":8},"end":{"line":40,"column":23}},"11":{"start":{"line":43,"column":4},"end":{"line":59,"column":7}},"12":{"start":{"line":44,"column":8},"end":{"line":54,"column":10}},"13":{"start":{"line":56,"column":8},"end":{"line":56,"column":31}},"14":{"start":{"line":58,"column":8},"end":{"line":58,"column":23}}},"branchMap":{}},"/home/ubuntu/workspace/app/config.js":{"path":"/home/ubuntu/workspace/app/config.js","s":{"1":1,"2":1,"3":1,"4":1,"5":1,"6":1,"7":1},"b":{"1":[1,1,1],"2":[1,1],"3":[1,0],"4":[1,1]},"f":{},"fnMap":{},"statementMap":{"1":{"start":{"line":1,"column":0},"end":{"line":1,"column":25}},"2":{"start":{"line":2,"column":0},"end":{"line":2,"column":16}},"3":{"start":{"line":3,"column":0},"end":{"line":3,"column":113}},"4":{"start":{"line":4,"column":0},"end":{"line":4,"column":98}},"5":{"start":{"line":5,"column":0},"end":{"line":5,"column":39}},"6":{"start":{"line":6,"column":0},"end":{"line":6,"column":75}},"7":{"start":{"line":7,"column":0},"end":{"line":7,"column":24}}},"branchMap":{"1":{"line":3,"type":"binary-expr","locations":[{"start":{"line":3,"column":26},"end":{"line":3,"column":49}},{"start":{"line":3,"column":53},"end":{"line":3,"column":77}},{"start":{"line":3,"column":81},"end":{"line":3,"column":112}}]},"2":{"line":4,"type":"binary-expr","locations":[{"start":{"line":4,"column":31},"end":{"line":4,"column":60}},{"start":{"line":4,"column":64},"end":{"line":4,"column":97}}]},"3":{"line":5,"type":"binary-expr","locations":[{"start":{"line":5,"column":14},"end":{"line":5,"column":30}},{"start":{"line":5,"column":34},"end":{"line":5,"column":38}}]},"4":{"line":6,"type":"binary-expr","locations":[{"start":{"line":6,"column":17},"end":{"line":6,"column":37}},{"start":{"line":6,"column":41},"end":{"line":6,"column":74}}]}}},"/home/ubuntu/workspace/app/api.js":{"path":"/home/ubuntu/workspace/app/api.js","s":{"1":1,"2":1,"3":10,"4":10,"5":10,"6":10,"7":10,"8":4,"9":4,"10":4,"11":12,"12":4,"13":4,"14":4,"15":4},"b":{},"f":{"1":10,"2":4},"fnMap":{"1":{"name":"(anonymous_1)","line":11,"loc":{"start":{"line":11,"column":17},"end":{"line":11,"column":35}}},"2":{"name":"(anonymous_2)","line":35,"loc":{"start":{"line":35,"column":25},"end":{"line":35,"column":36}}}},"statementMap":{"1":{"start":{"line":3,"column":0},"end":{"line":9,"column":26}},"2":{"start":{"line":11,"column":0},"end":{"line":41,"column":1}},"3":{"start":{"line":12,"column":4},"end":{"line":12,"column":51}},"4":{"start":{"line":13,"column":4},"end":{"line":13,"column":36}},"5":{"start":{"line":14,"column":4},"end":{"line":14,"column":42}},"6":{"start":{"line":16,"column":4},"end":{"line":40,"column":7}},"7":{"start":{"line":17,"column":8},"end":{"line":39,"column":10}},"8":{"start":{"line":24,"column":12},"end":{"line":26,"column":15}},"9":{"start":{"line":25,"column":16},"end":{"line":25,"column":30}},"10":{"start":{"line":28,"column":12},"end":{"line":30,"column":15}},"11":{"start":{"line":29,"column":16},"end":{"line":29,"column":30}},"12":{"start":{"line":33,"column":12},"end":{"line":33,"column":44}},"13":{"start":{"line":35,"column":12},"end":{"line":38,"column":14}},"14":{"start":{"line":36,"column":16},"end":{"line":36,"column":69}},"15":{"start":{"line":37,"column":16},"end":{"line":37,"column":32}}},"branchMap":{}},"/home/ubuntu/workspace/app/routes/healhcheck.js":{"path":"/home/ubuntu/workspace/app/routes/healhcheck.js","s":{"1":1,"2":1,"3":4,"4":0},"b":{},"f":{"1":4,"2":0},"fnMap":{"1":{"name":"(anonymous_1)","line":5,"loc":{"start":{"line":5,"column":17},"end":{"line":5,"column":35}}},"2":{"name":"(anonymous_2)","line":9,"loc":{"start":{"line":9,"column":17},"end":{"line":9,"column":43}}}},"statementMap":{"1":{"start":{"line":3,"column":0},"end":{"line":3,"column":27}},"2":{"start":{"line":5,"column":0},"end":{"line":13,"column":1}},"3":{"start":{"line":6,"column":4},"end":{"line":12,"column":7}},"4":{"start":{"line":10,"column":12},"end":{"line":10,"column":39}}},"branchMap":{}},"/home/ubuntu/workspace/app/models/notes.js":{"path":"/home/ubuntu/workspace/app/models/notes.js","s":{"1":1,"2":1,"3":4,"4":4,"5":24},"b":{},"f":{"1":4,"2":24},"fnMap":{"1":{"name":"(anonymous_1)","line":5,"loc":{"start":{"line":5,"column":17},"end":{"line":5,"column":35}}},"2":{"name":"(anonymous_2)","line":16,"loc":{"start":{"line":16,"column":47},"end":{"line":16,"column":64}}}},"statementMap":{"1":{"start":{"line":3,"column":0},"end":{"line":3,"column":27}},"2":{"start":{"line":5,"column":0},"end":{"line":19,"column":1}},"3":{"start":{"line":6,"column":4},"end":{"line":14,"column":9}},"4":{"start":{"line":16,"column":4},"end":{"line":18,"column":6}},"5":{"start":{"line":17,"column":8},"end":{"line":17,"column":27}}},"branchMap":{}},"/home/ubuntu/workspace/app/models/orders.js":{"path":"/home/ubuntu/workspace/app/models/orders.js","s":{"1":1,"2":1,"3":4,"4":4,"5":4,"6":4,"7":4,"8":0,"9":0,"10":0,"11":0,"12":0,"13":0,"14":0,"15":0,"16":0,"17":0,"18":0,"19":0,"20":0,"21":4,"22":4,"23":0,"24":0,"25":0,"26":0,"27":0},"b":{},"f":{"1":4},"fnMap":{"1":{"name":"(anonymous_1)","line":9,"loc":{"start":{"line":9,"column":17},"end":{"line":9,"column":35}}}},"statementMap":{"1":{"start":{"line":3,"column":0},"end":{"line":7,"column":26}},"2":{"start":{"line":9,"column":0},"end":{"line":81,"column":1}},"3":{"start":{"line":10,"column":4},"end":{"line":27,"column":9}},"4":{"start":{"line":30,"column":4},"end":{"line":30,"column":56}},"5":{"start":{"line":31,"column":4},"end":{"line":31,"column":60}},"6":{"start":{"line":33,"column":4},"end":{"line":33,"column":63}},"7":{"start":{"line":35,"column":4},"end":{"line":70,"column":10}},"8":{"start":{"line":39,"column":16},"end":{"line":39,"column":65}},"9":{"start":{"line":40,"column":16},"end":{"line":40,"column":53}},"10":{"start":{"line":41,"column":16},"end":{"line":41,"column":75}},"11":{"start":{"line":42,"column":16},"end":{"line":42,"column":42}},"12":{"start":{"line":43,"column":16},"end":{"line":45,"column":19}},"13":{"start":{"line":44,"column":20},"end":{"line":44,"column":76}},"14":{"start":{"line":46,"column":16},"end":{"line":48,"column":24}},"15":{"start":{"line":47,"column":20},"end":{"line":47,"column":56}},"16":{"start":{"line":49,"column":16},"end":{"line":49,"column":46}},"17":{"start":{"line":55,"column":16},"end":{"line":55,"column":55}},"18":{"start":{"line":56,"column":16},"end":{"line":65,"column":18}},"19":{"start":{"line":66,"column":16},"end":{"line":66,"column":33}},"20":{"start":{"line":67,"column":16},"end":{"line":67,"column":35}},"21":{"start":{"line":71,"column":4},"end":{"line":71,"column":23}},"22":{"start":{"line":73,"column":4},"end":{"line":80,"column":7}},"23":{"start":{"line":74,"column":8},"end":{"line":74,"column":47}},"24":{"start":{"line":75,"column":8},"end":{"line":75,"column":63}},"25":{"start":{"line":76,"column":8},"end":{"line":76,"column":53}},"26":{"start":{"line":78,"column":8},"end":{"line":79,"column":41}},"27":{"start":{"line":79,"column":22},"end":{"line":79,"column":39}}},"branchMap":{}},"/home/ubuntu/workspace/app/utils/eventhandling.js":{"path":"/home/ubuntu/workspace/app/utils/eventhandling.js","s":{"1":1,"2":1,"3":0,"4":0,"5":1,"6":5,"7":5,"8":5},"b":{},"f":{"1":0,"2":5},"fnMap":{"1":{"name":"(anonymous_1)","line":8,"loc":{"start":{"line":8,"column":25},"end":{"line":8,"column":41}}},"2":{"name":"(anonymous_2)","line":13,"loc":{"start":{"line":13,"column":27},"end":{"line":13,"column":57}}}},"statementMap":{"1":{"start":{"line":3,"column":0},"end":{"line":6,"column":33}},"2":{"start":{"line":8,"column":0},"end":{"line":11,"column":2}},"3":{"start":{"line":9,"column":4},"end":{"line":9,"column":72}},"4":{"start":{"line":10,"column":4},"end":{"line":10,"column":47}},"5":{"start":{"line":13,"column":0},"end":{"line":17,"column":2}},"6":{"start":{"line":14,"column":4},"end":{"line":14,"column":45}},"7":{"start":{"line":15,"column":4},"end":{"line":15,"column":60}},"8":{"start":{"line":16,"column":4},"end":{"line":16,"column":41}}},"branchMap":{}},"/home/ubuntu/workspace/app/models/products.js":{"path":"/home/ubuntu/workspace/app/models/products.js","s":{"1":1,"2":1,"3":4,"4":4,"5":24},"b":{},"f":{"1":4,"2":24},"fnMap":{"1":{"name":"(anonymous_1)","line":5,"loc":{"start":{"line":5,"column":17},"end":{"line":5,"column":35}}},"2":{"name":"(anonymous_2)","line":18,"loc":{"start":{"line":18,"column":47},"end":{"line":18,"column":64}}}},"statementMap":{"1":{"start":{"line":3,"column":0},"end":{"line":3,"column":27}},"2":{"start":{"line":5,"column":0},"end":{"line":21,"column":1}},"3":{"start":{"line":6,"column":4},"end":{"line":16,"column":9}},"4":{"start":{"line":18,"column":4},"end":{"line":20,"column":6}},"5":{"start":{"line":19,"column":8},"end":{"line":19,"column":27}}},"branchMap":{}},"/home/ubuntu/workspace/app/services/payment.js":{"path":"/home/ubuntu/workspace/app/services/payment.js","s":{"1":1,"2":1,"3":0,"4":0,"5":0,"6":0,"7":0,"8":0},"b":{},"f":{},"fnMap":{},"statementMap":{"1":{"start":{"line":3,"column":0},"end":{"line":5,"column":42}},"2":{"start":{"line":7,"column":0},"end":{"line":23,"column":3}},"3":{"start":{"line":8,"column":4},"end":{"line":8,"column":40}},"4":{"start":{"line":9,"column":4},"end":{"line":9,"column":51}},"5":{"start":{"line":10,"column":4},"end":{"line":22,"column":13}},"6":{"start":{"line":11,"column":8},"end":{"line":11,"column":55}},"7":{"start":{"line":12,"column":8},"end":{"line":19,"column":15}},"8":{"start":{"line":20,"column":8},"end":{"line":20,"column":32}}},"branchMap":{}}}