{"/home/ubuntu/workspace/features/support/world.js":{"path":"/home/ubuntu/workspace/features/support/world.js","s":{"1":1,"2":13,"3":13,"4":13,"5":8,"6":8,"7":8,"8":8,"9":1,"10":1},"b":{},"f":{"1":13,"2":8,"3":8,"4":1},"fnMap":{"1":{"name":"World","line":8,"loc":{"start":{"line":8,"column":0},"end":{"line":8,"column":17}}},"2":{"name":"(anonymous_2)","line":16,"loc":{"start":{"line":16,"column":22},"end":{"line":16,"column":57}}},"3":{"name":"(anonymous_3)","line":17,"loc":{"start":{"line":17,"column":26},"end":{"line":17,"column":39}}},"4":{"name":"(anonymous_4)","line":32,"loc":{"start":{"line":32,"column":17},"end":{"line":32,"column":28}}}},"statementMap":{"1":{"start":{"line":8,"column":0},"end":{"line":30,"column":1}},"2":{"start":{"line":9,"column":1},"end":{"line":11,"column":32}},"3":{"start":{"line":13,"column":4},"end":{"line":13,"column":48}},"4":{"start":{"line":16,"column":1},"end":{"line":29,"column":3}},"5":{"start":{"line":17,"column":2},"end":{"line":28,"column":5}},"6":{"start":{"line":18,"column":3},"end":{"line":21,"column":38}},"7":{"start":{"line":23,"column":3},"end":{"line":27,"column":36}},"8":{"start":{"line":27,"column":25},"end":{"line":27,"column":33}},"9":{"start":{"line":32,"column":0},"end":{"line":34,"column":2}},"10":{"start":{"line":33,"column":2},"end":{"line":33,"column":21}}},"branchMap":{}},"/home/ubuntu/workspace/features/step_definitions/general.js":{"path":"/home/ubuntu/workspace/features/step_definitions/general.js","s":{"1":1,"2":1,"3":1,"4":1,"5":1,"6":1,"7":1,"8":1,"9":1,"10":1,"11":1,"12":1,"13":2,"14":1,"15":1,"16":1,"17":1,"18":1,"19":1,"20":1},"b":{},"f":{"1":1,"2":1,"3":1,"4":1,"5":1,"6":2,"7":1,"8":1,"9":1},"fnMap":{"1":{"name":"(anonymous_1)","line":1,"loc":{"start":{"line":1,"column":17},"end":{"line":1,"column":29}}},"2":{"name":"(anonymous_2)","line":4,"loc":{"start":{"line":4,"column":51},"end":{"line":4,"column":62}}},"3":{"name":"(anonymous_3)","line":5,"loc":{"start":{"line":5,"column":32},"end":{"line":5,"column":49}}},"4":{"name":"(anonymous_4)","line":12,"loc":{"start":{"line":12,"column":60},"end":{"line":12,"column":86}}},"5":{"name":"(anonymous_5)","line":15,"loc":{"start":{"line":15,"column":14},"end":{"line":15,"column":34}}},"6":{"name":"(anonymous_6)","line":21,"loc":{"start":{"line":21,"column":49},"end":{"line":21,"column":71}}},"7":{"name":"(anonymous_7)","line":25,"loc":{"start":{"line":25,"column":58},"end":{"line":25,"column":84}}},"8":{"name":"(anonymous_8)","line":28,"loc":{"start":{"line":28,"column":14},"end":{"line":28,"column":34}}},"9":{"name":"(anonymous_9)","line":34,"loc":{"start":{"line":34,"column":67},"end":{"line":34,"column":79}}}},"statementMap":{"1":{"start":{"line":1,"column":0},"end":{"line":37,"column":2}},"2":{"start":{"line":2,"column":4},"end":{"line":2,"column":42}},"3":{"start":{"line":4,"column":4},"end":{"line":10,"column":7}},"4":{"start":{"line":5,"column":8},"end":{"line":9,"column":11}},"5":{"start":{"line":7,"column":12},"end":{"line":7,"column":55}},"6":{"start":{"line":8,"column":12},"end":{"line":8,"column":26}},"7":{"start":{"line":12,"column":4},"end":{"line":19,"column":7}},"8":{"start":{"line":13,"column":8},"end":{"line":13,"column":24}},"9":{"start":{"line":14,"column":8},"end":{"line":18,"column":11}},"10":{"start":{"line":16,"column":12},"end":{"line":16,"column":37}},"11":{"start":{"line":17,"column":12},"end":{"line":17,"column":28}},"12":{"start":{"line":21,"column":4},"end":{"line":23,"column":7}},"13":{"start":{"line":22,"column":8},"end":{"line":22,"column":73}},"14":{"start":{"line":25,"column":4},"end":{"line":32,"column":7}},"15":{"start":{"line":26,"column":8},"end":{"line":26,"column":24}},"16":{"start":{"line":27,"column":8},"end":{"line":31,"column":11}},"17":{"start":{"line":29,"column":12},"end":{"line":29,"column":37}},"18":{"start":{"line":30,"column":12},"end":{"line":30,"column":28}},"19":{"start":{"line":34,"column":4},"end":{"line":36,"column":7}},"20":{"start":{"line":35,"column":8},"end":{"line":35,"column":74}}},"branchMap":{}},"/home/ubuntu/workspace/features/step_definitions/healthcheck.js":{"path":"/home/ubuntu/workspace/features/step_definitions/healthcheck.js","s":{"1":1,"2":1,"3":1,"4":1,"5":1},"b":{},"f":{"1":1,"2":1},"fnMap":{"1":{"name":"(anonymous_1)","line":1,"loc":{"start":{"line":1,"column":17},"end":{"line":1,"column":29}}},"2":{"name":"(anonymous_2)","line":4,"loc":{"start":{"line":4,"column":57},"end":{"line":4,"column":69}}}},"statementMap":{"1":{"start":{"line":1,"column":0},"end":{"line":8,"column":2}},"2":{"start":{"line":2,"column":4},"end":{"line":2,"column":42}},"3":{"start":{"line":4,"column":4},"end":{"line":7,"column":7}},"4":{"start":{"line":5,"column":8},"end":{"line":5,"column":53}},"5":{"start":{"line":6,"column":8},"end":{"line":6,"column":49}}},"branchMap":{}},"/home/ubuntu/workspace/features/step_definitions/notes.js":{"path":"/home/ubuntu/workspace/features/step_definitions/notes.js","s":{"1":1,"2":1,"3":1,"4":1,"5":1},"b":{},"f":{"1":1,"2":1},"fnMap":{"1":{"name":"(anonymous_1)","line":1,"loc":{"start":{"line":1,"column":17},"end":{"line":1,"column":29}}},"2":{"name":"(anonymous_2)","line":7,"loc":{"start":{"line":7,"column":41},"end":{"line":7,"column":53}}}},"statementMap":{"1":{"start":{"line":1,"column":0},"end":{"line":10,"column":2}},"2":{"start":{"line":2,"column":4},"end":{"line":4,"column":29}},"3":{"start":{"line":5,"column":4},"end":{"line":5,"column":37}},"4":{"start":{"line":7,"column":4},"end":{"line":9,"column":10}},"5":{"start":{"line":8,"column":8},"end":{"line":8,"column":56}}},"branchMap":{}},"/home/ubuntu/workspace/features/step_definitions/orders.js":{"path":"/home/ubuntu/workspace/features/step_definitions/orders.js","s":{"1":1,"2":1,"3":1,"4":3,"5":3,"6":3,"7":3,"8":1,"9":3,"10":3,"11":3,"12":3,"13":1,"14":3,"15":1,"16":3},"b":{},"f":{"1":1,"2":3,"3":3,"4":3,"5":3},"fnMap":{"1":{"name":"(anonymous_1)","line":1,"loc":{"start":{"line":1,"column":17},"end":{"line":1,"column":29}}},"2":{"name":"(anonymous_2)","line":7,"loc":{"start":{"line":7,"column":57},"end":{"line":7,"column":75}}},"3":{"name":"(anonymous_3)","line":28,"loc":{"start":{"line":28,"column":39},"end":{"line":28,"column":51}}},"4":{"name":"(anonymous_4)","line":39,"loc":{"start":{"line":39,"column":44},"end":{"line":39,"column":56}}},"5":{"name":"(anonymous_5)","line":43,"loc":{"start":{"line":43,"column":38},"end":{"line":43,"column":56}}}},"statementMap":{"1":{"start":{"line":1,"column":0},"end":{"line":46,"column":1}},"2":{"start":{"line":2,"column":4},"end":{"line":5,"column":29}},"3":{"start":{"line":7,"column":4},"end":{"line":26,"column":7}},"4":{"start":{"line":8,"column":8},"end":{"line":18,"column":13}},"5":{"start":{"line":21,"column":8},"end":{"line":25,"column":11}},"6":{"start":{"line":23,"column":12},"end":{"line":23,"column":47}},"7":{"start":{"line":24,"column":12},"end":{"line":24,"column":28}},"8":{"start":{"line":28,"column":4},"end":{"line":37,"column":7}},"9":{"start":{"line":29,"column":8},"end":{"line":31,"column":44}},"10":{"start":{"line":32,"column":8},"end":{"line":36,"column":11}},"11":{"start":{"line":34,"column":12},"end":{"line":34,"column":58}},"12":{"start":{"line":35,"column":12},"end":{"line":35,"column":28}},"13":{"start":{"line":39,"column":4},"end":{"line":41,"column":7}},"14":{"start":{"line":40,"column":8},"end":{"line":40,"column":59}},"15":{"start":{"line":43,"column":4},"end":{"line":45,"column":7}},"16":{"start":{"line":44,"column":8},"end":{"line":44,"column":74}}},"branchMap":{}},"/home/ubuntu/workspace/features/step_definitions/products.js":{"path":"/home/ubuntu/workspace/features/step_definitions/products.js","s":{"1":1,"2":1,"3":1,"4":1,"5":1,"6":1,"7":0,"8":0,"9":0,"10":0,"11":0,"12":1,"13":0,"14":1,"15":0},"b":{},"f":{"1":1,"2":1,"3":0,"4":0,"5":0},"fnMap":{"1":{"name":"(anonymous_1)","line":1,"loc":{"start":{"line":1,"column":17},"end":{"line":1,"column":29}}},"2":{"name":"(anonymous_2)","line":19,"loc":{"start":{"line":19,"column":35},"end":{"line":19,"column":47}}},"3":{"name":"(anonymous_3)","line":23,"loc":{"start":{"line":23,"column":43},"end":{"line":23,"column":55}}},"4":{"name":"(anonymous_4)","line":34,"loc":{"start":{"line":34,"column":48},"end":{"line":34,"column":60}}},"5":{"name":"(anonymous_5)","line":38,"loc":{"start":{"line":38,"column":38},"end":{"line":38,"column":50}}}},"statementMap":{"1":{"start":{"line":1,"column":0},"end":{"line":41,"column":1}},"2":{"start":{"line":2,"column":4},"end":{"line":5,"column":29}},"3":{"start":{"line":7,"column":4},"end":{"line":17,"column":6}},"4":{"start":{"line":19,"column":4},"end":{"line":21,"column":7}},"5":{"start":{"line":20,"column":8},"end":{"line":20,"column":23}},"6":{"start":{"line":23,"column":4},"end":{"line":32,"column":7}},"7":{"start":{"line":24,"column":8},"end":{"line":24,"column":26}},"8":{"start":{"line":26,"column":8},"end":{"line":31,"column":11}},"9":{"start":{"line":28,"column":12},"end":{"line":28,"column":54}},"10":{"start":{"line":29,"column":12},"end":{"line":29,"column":54}},"11":{"start":{"line":30,"column":12},"end":{"line":30,"column":28}},"12":{"start":{"line":34,"column":4},"end":{"line":36,"column":7}},"13":{"start":{"line":35,"column":8},"end":{"line":35,"column":50}},"14":{"start":{"line":38,"column":4},"end":{"line":40,"column":7}},"15":{"start":{"line":39,"column":8},"end":{"line":39,"column":54}}},"branchMap":{}},"/home/ubuntu/workspace/app/config.js":{"path":"/home/ubuntu/workspace/app/config.js","s":{"1":1,"2":1,"3":1,"4":1,"5":1,"6":1,"7":1},"b":{"1":[1,1,1],"2":[1,1],"3":[1,0],"4":[1,1]},"f":{},"fnMap":{},"statementMap":{"1":{"start":{"line":1,"column":0},"end":{"line":1,"column":25}},"2":{"start":{"line":2,"column":0},"end":{"line":2,"column":16}},"3":{"start":{"line":3,"column":0},"end":{"line":3,"column":113}},"4":{"start":{"line":4,"column":0},"end":{"line":4,"column":98}},"5":{"start":{"line":5,"column":0},"end":{"line":5,"column":39}},"6":{"start":{"line":6,"column":0},"end":{"line":6,"column":75}},"7":{"start":{"line":7,"column":0},"end":{"line":7,"column":24}}},"branchMap":{"1":{"line":3,"type":"binary-expr","locations":[{"start":{"line":3,"column":26},"end":{"line":3,"column":49}},{"start":{"line":3,"column":53},"end":{"line":3,"column":77}},{"start":{"line":3,"column":81},"end":{"line":3,"column":112}}]},"2":{"line":4,"type":"binary-expr","locations":[{"start":{"line":4,"column":31},"end":{"line":4,"column":60}},{"start":{"line":4,"column":64},"end":{"line":4,"column":97}}]},"3":{"line":5,"type":"binary-expr","locations":[{"start":{"line":5,"column":14},"end":{"line":5,"column":30}},{"start":{"line":5,"column":34},"end":{"line":5,"column":38}}]},"4":{"line":6,"type":"binary-expr","locations":[{"start":{"line":6,"column":17},"end":{"line":6,"column":37}},{"start":{"line":6,"column":41},"end":{"line":6,"column":74}}]}}},"/home/ubuntu/workspace/app/api.js":{"path":"/home/ubuntu/workspace/app/api.js","s":{"1":1,"2":1,"3":13,"4":13,"5":13,"6":13,"7":13,"8":6,"9":6,"10":6,"11":18,"12":6,"13":6,"14":6},"b":{},"f":{"1":13,"2":6},"fnMap":{"1":{"name":"(anonymous_1)","line":11,"loc":{"start":{"line":11,"column":17},"end":{"line":11,"column":35}}},"2":{"name":"(anonymous_2)","line":32,"loc":{"start":{"line":32,"column":25},"end":{"line":32,"column":36}}}},"statementMap":{"1":{"start":{"line":3,"column":0},"end":{"line":9,"column":26}},"2":{"start":{"line":11,"column":0},"end":{"line":38,"column":1}},"3":{"start":{"line":12,"column":4},"end":{"line":12,"column":51}},"4":{"start":{"line":13,"column":4},"end":{"line":13,"column":36}},"5":{"start":{"line":14,"column":4},"end":{"line":14,"column":42}},"6":{"start":{"line":16,"column":4},"end":{"line":37,"column":7}},"7":{"start":{"line":17,"column":8},"end":{"line":36,"column":10}},"8":{"start":{"line":24,"column":12},"end":{"line":26,"column":14}},"9":{"start":{"line":25,"column":16},"end":{"line":25,"column":30}},"10":{"start":{"line":28,"column":12},"end":{"line":30,"column":14}},"11":{"start":{"line":29,"column":16},"end":{"line":29,"column":30}},"12":{"start":{"line":32,"column":12},"end":{"line":35,"column":14}},"13":{"start":{"line":33,"column":16},"end":{"line":33,"column":69}},"14":{"start":{"line":34,"column":16},"end":{"line":34,"column":32}}},"branchMap":{}},"/home/ubuntu/workspace/app/routes/healhcheck.js":{"path":"/home/ubuntu/workspace/app/routes/healhcheck.js","s":{"1":1,"2":1,"3":6,"4":0},"b":{},"f":{"1":6,"2":0},"fnMap":{"1":{"name":"(anonymous_1)","line":5,"loc":{"start":{"line":5,"column":17},"end":{"line":5,"column":35}}},"2":{"name":"(anonymous_2)","line":9,"loc":{"start":{"line":9,"column":17},"end":{"line":9,"column":43}}}},"statementMap":{"1":{"start":{"line":3,"column":0},"end":{"line":3,"column":27}},"2":{"start":{"line":5,"column":0},"end":{"line":13,"column":1}},"3":{"start":{"line":6,"column":4},"end":{"line":12,"column":7}},"4":{"start":{"line":10,"column":12},"end":{"line":10,"column":39}}},"branchMap":{}},"/home/ubuntu/workspace/app/models/notes.js":{"path":"/home/ubuntu/workspace/app/models/notes.js","s":{"1":1,"2":1,"3":6,"4":6,"5":36},"b":{},"f":{"1":6,"2":36},"fnMap":{"1":{"name":"(anonymous_1)","line":5,"loc":{"start":{"line":5,"column":17},"end":{"line":5,"column":35}}},"2":{"name":"(anonymous_2)","line":16,"loc":{"start":{"line":16,"column":47},"end":{"line":16,"column":64}}}},"statementMap":{"1":{"start":{"line":3,"column":0},"end":{"line":3,"column":27}},"2":{"start":{"line":5,"column":0},"end":{"line":19,"column":1}},"3":{"start":{"line":6,"column":4},"end":{"line":14,"column":9}},"4":{"start":{"line":16,"column":4},"end":{"line":18,"column":6}},"5":{"start":{"line":17,"column":8},"end":{"line":17,"column":27}}},"branchMap":{}},"/home/ubuntu/workspace/app/models/orders.js":{"path":"/home/ubuntu/workspace/app/models/orders.js","s":{"1":1,"2":1,"3":6,"4":6,"5":36},"b":{},"f":{"1":6,"2":36},"fnMap":{"1":{"name":"(anonymous_1)","line":5,"loc":{"start":{"line":5,"column":17},"end":{"line":5,"column":35}}},"2":{"name":"(anonymous_2)","line":25,"loc":{"start":{"line":25,"column":47},"end":{"line":25,"column":64}}}},"statementMap":{"1":{"start":{"line":3,"column":0},"end":{"line":3,"column":27}},"2":{"start":{"line":5,"column":0},"end":{"line":28,"column":1}},"3":{"start":{"line":6,"column":4},"end":{"line":23,"column":9}},"4":{"start":{"line":25,"column":4},"end":{"line":27,"column":6}},"5":{"start":{"line":26,"column":8},"end":{"line":26,"column":27}}},"branchMap":{}},"/home/ubuntu/workspace/app/models/products.js":{"path":"/home/ubuntu/workspace/app/models/products.js","s":{"1":1,"2":1,"3":6,"4":6,"5":36},"b":{},"f":{"1":6,"2":36},"fnMap":{"1":{"name":"(anonymous_1)","line":5,"loc":{"start":{"line":5,"column":17},"end":{"line":5,"column":35}}},"2":{"name":"(anonymous_2)","line":18,"loc":{"start":{"line":18,"column":47},"end":{"line":18,"column":64}}}},"statementMap":{"1":{"start":{"line":3,"column":0},"end":{"line":3,"column":27}},"2":{"start":{"line":5,"column":0},"end":{"line":21,"column":1}},"3":{"start":{"line":6,"column":4},"end":{"line":16,"column":9}},"4":{"start":{"line":18,"column":4},"end":{"line":20,"column":6}},"5":{"start":{"line":19,"column":8},"end":{"line":19,"column":27}}},"branchMap":{}}}