TN:
SF:/home/ubuntu/workspace/features/support/world.js
FN:8,World
FN:16,(anonymous_2)
FN:17,(anonymous_3)
FN:32,(anonymous_4)
FNF:4
FNH:4
FNDA:13,World
FNDA:8,(anonymous_2)
FNDA:8,(anonymous_3)
FNDA:1,(anonymous_4)
DA:8,1
DA:9,13
DA:13,13
DA:16,13
DA:17,8
DA:18,8
DA:23,8
DA:27,8
DA:32,1
DA:33,1
LF:10
LH:10
BRF:0
BRH:0
end_of_record
TN:
SF:/home/ubuntu/workspace/features/step_definitions/general.js
FN:1,(anonymous_1)
FN:4,(anonymous_2)
FN:5,(anonymous_3)
FN:12,(anonymous_4)
FN:15,(anonymous_5)
FN:21,(anonymous_6)
FN:25,(anonymous_7)
FN:28,(anonymous_8)
FN:34,(anonymous_9)
FNF:9
FNH:9
FNDA:1,(anonymous_1)
FNDA:1,(anonymous_2)
FNDA:1,(anonymous_3)
FNDA:1,(anonymous_4)
FNDA:1,(anonymous_5)
FNDA:2,(anonymous_6)
FNDA:1,(anonymous_7)
FNDA:1,(anonymous_8)
FNDA:1,(anonymous_9)
DA:1,1
DA:2,1
DA:4,1
DA:5,1
DA:7,1
DA:8,1
DA:12,1
DA:13,1
DA:14,1
DA:16,1
DA:17,1
DA:21,1
DA:22,2
DA:25,1
DA:26,1
DA:27,1
DA:29,1
DA:30,1
DA:34,1
DA:35,1
LF:20
LH:20
BRF:0
BRH:0
end_of_record
TN:
SF:/home/ubuntu/workspace/features/step_definitions/healthcheck.js
FN:1,(anonymous_1)
FN:4,(anonymous_2)
FNF:2
FNH:2
FNDA:1,(anonymous_1)
FNDA:1,(anonymous_2)
DA:1,1
DA:2,1
DA:4,1
DA:5,1
DA:6,1
LF:5
LH:5
BRF:0
BRH:0
end_of_record
TN:
SF:/home/ubuntu/workspace/features/step_definitions/notes.js
FN:1,(anonymous_1)
FN:7,(anonymous_2)
FNF:2
FNH:2
FNDA:1,(anonymous_1)
FNDA:1,(anonymous_2)
DA:1,1
DA:2,1
DA:5,1
DA:7,1
DA:8,1
LF:5
LH:5
BRF:0
BRH:0
end_of_record
TN:
SF:/home/ubuntu/workspace/features/step_definitions/orders.js
FN:1,(anonymous_1)
FN:7,(anonymous_2)
FN:28,(anonymous_3)
FN:39,(anonymous_4)
FN:43,(anonymous_5)
FNF:5
FNH:5
FNDA:1,(anonymous_1)
FNDA:3,(anonymous_2)
FNDA:3,(anonymous_3)
FNDA:3,(anonymous_4)
FNDA:3,(anonymous_5)
DA:1,1
DA:2,1
DA:7,1
DA:8,3
DA:21,3
DA:23,3
DA:24,3
DA:28,1
DA:29,3
DA:32,3
DA:34,3
DA:35,3
DA:39,1
DA:40,3
DA:43,1
DA:44,3
LF:16
LH:16
BRF:0
BRH:0
end_of_record
TN:
SF:/home/ubuntu/workspace/app/config.js
FNF:0
FNH:0
DA:1,1
DA:2,1
DA:3,1
DA:4,1
DA:5,1
DA:6,1
DA:7,1
LF:7
LH:7
BRDA:3,1,0,1
BRDA:3,1,1,1
BRDA:3,1,2,1
BRDA:4,2,0,1
BRDA:4,2,1,1
BRDA:5,3,0,1
BRDA:5,3,1,0
BRDA:6,4,0,1
BRDA:6,4,1,1
BRF:9
BRH:8
end_of_record
TN:
SF:/home/ubuntu/workspace/app/api.js
FN:11,(anonymous_1)
FN:32,(anonymous_2)
FNF:2
FNH:2
FNDA:13,(anonymous_1)
FNDA:6,(anonymous_2)
DA:3,1
DA:11,1
DA:12,13
DA:13,13
DA:14,13
DA:16,13
DA:17,13
DA:24,6
DA:25,6
DA:28,6
DA:29,18
DA:32,6
DA:33,6
DA:34,6
LF:14
LH:14
BRF:0
BRH:0
end_of_record
TN:
SF:/home/ubuntu/workspace/app/routes/healhcheck.js
FN:5,(anonymous_1)
FN:9,(anonymous_2)
FNF:2
FNH:2
FNDA:6,(anonymous_1)
FNDA:1,(anonymous_2)
DA:3,1
DA:5,1
DA:6,6
DA:10,1
LF:4
LH:4
BRF:0
BRH:0
end_of_record
TN:
SF:/home/ubuntu/workspace/app/models/notes.js
FN:5,(anonymous_1)
FN:16,(anonymous_2)
FNF:2
FNH:2
FNDA:6,(anonymous_1)
FNDA:36,(anonymous_2)
DA:3,1
DA:5,1
DA:6,6
DA:16,6
DA:17,36
LF:5
LH:5
BRF:0
BRH:0
end_of_record
TN:
SF:/home/ubuntu/workspace/app/models/orders.js
FN:5,(anonymous_1)
FN:25,(anonymous_2)
FNF:2
FNH:2
FNDA:6,(anonymous_1)
FNDA:36,(anonymous_2)
DA:3,1
DA:5,1
DA:6,6
DA:25,6
DA:26,36
LF:5
LH:5
BRF:0
BRH:0
end_of_record
TN:
SF:/home/ubuntu/workspace/app/models/products.js
FN:5,(anonymous_1)
FN:18,(anonymous_2)
FNF:2
FNH:2
FNDA:6,(anonymous_1)
FNDA:36,(anonymous_2)
DA:3,1
DA:5,1
DA:6,6
DA:18,6
DA:19,36
LF:5
LH:5
BRF:0
BRH:0
end_of_record
