TN:
SF:/home/ubuntu/workspace/features/support/world.js
FN:8,World
FN:16,(anonymous_2)
FN:17,(anonymous_3)
FN:32,(anonymous_4)
FNF:4
FNH:4
FNDA:10,World
FNDA:4,(anonymous_2)
FNDA:4,(anonymous_3)
FNDA:1,(anonymous_4)
DA:8,1
DA:9,10
DA:13,10
DA:16,10
DA:17,4
DA:18,4
DA:23,4
DA:27,4
DA:32,1
DA:33,1
LF:10
LH:10
BRF:0
BRH:0
end_of_record
TN:
SF:/home/ubuntu/workspace/features/step_definitions/general.js
FN:1,(anonymous_1)
FN:4,(anonymous_2)
FN:5,(anonymous_3)
FN:12,(anonymous_4)
FN:15,(anonymous_5)
FN:21,(anonymous_6)
FN:25,(anonymous_7)
FN:28,(anonymous_8)
FN:34,(anonymous_9)
FNF:9
FNH:9
FNDA:1,(anonymous_1)
FNDA:1,(anonymous_2)
FNDA:1,(anonymous_3)
FNDA:1,(anonymous_4)
FNDA:1,(anonymous_5)
FNDA:2,(anonymous_6)
FNDA:1,(anonymous_7)
FNDA:1,(anonymous_8)
FNDA:1,(anonymous_9)
DA:1,1
DA:2,1
DA:4,1
DA:5,1
DA:7,1
DA:8,1
DA:12,1
DA:13,1
DA:14,1
DA:16,1
DA:17,1
DA:21,1
DA:22,2
DA:25,1
DA:26,1
DA:27,1
DA:29,1
DA:30,1
DA:34,1
DA:35,1
LF:20
LH:20
BRF:0
BRH:0
end_of_record
TN:
SF:/home/ubuntu/workspace/features/step_definitions/healthcheck.js
FN:1,(anonymous_1)
FN:4,(anonymous_2)
FNF:2
FNH:2
FNDA:1,(anonymous_1)
FNDA:1,(anonymous_2)
DA:1,1
DA:2,1
DA:4,1
DA:5,1
DA:6,1
LF:5
LH:5
BRF:0
BRH:0
end_of_record
TN:
SF:/home/ubuntu/workspace/features/step_definitions/notes.js
FN:1,(anonymous_1)
FN:7,(anonymous_2)
FNF:2
FNH:2
FNDA:1,(anonymous_1)
FNDA:1,(anonymous_2)
DA:1,1
DA:2,1
DA:5,1
DA:7,1
DA:8,1
LF:5
LH:5
BRF:0
BRH:0
end_of_record
TN:
SF:/home/ubuntu/workspace/features/step_definitions/orders.js
FN:1,(anonymous_1)
FN:7,(anonymous_2)
FN:27,(anonymous_3)
FN:38,(anonymous_4)
FN:42,(anonymous_5)
FN:46,(anonymous_6)
FNF:6
FNH:5
FNDA:1,(anonymous_1)
FNDA:1,(anonymous_2)
FNDA:1,(anonymous_3)
FNDA:1,(anonymous_4)
FNDA:1,(anonymous_5)
FNDA:0,(anonymous_6)
DA:1,1
DA:2,1
DA:7,1
DA:8,1
DA:20,1
DA:22,1
DA:23,1
DA:27,1
DA:28,1
DA:31,1
DA:33,1
DA:34,1
DA:38,1
DA:39,1
DA:42,1
DA:43,1
DA:46,1
DA:47,0
LF:18
LH:17
BRF:0
BRH:0
end_of_record
TN:
SF:/home/ubuntu/workspace/features/step_definitions/products.js
FN:1,(anonymous_1)
FN:19,(anonymous_2)
FN:23,(anonymous_3)
FN:34,(anonymous_4)
FN:38,(anonymous_5)
FNF:5
FNH:2
FNDA:1,(anonymous_1)
FNDA:1,(anonymous_2)
FNDA:0,(anonymous_3)
FNDA:0,(anonymous_4)
FNDA:0,(anonymous_5)
DA:1,1
DA:2,1
DA:7,1
DA:19,1
DA:20,1
DA:23,1
DA:24,0
DA:26,0
DA:28,0
DA:29,0
DA:30,0
DA:34,1
DA:35,0
DA:38,1
DA:39,0
LF:15
LH:8
BRF:0
BRH:0
end_of_record
TN:
SF:/home/ubuntu/workspace/app/config.js
FNF:0
FNH:0
DA:1,1
DA:2,1
DA:3,1
DA:4,1
DA:5,1
DA:6,1
DA:7,1
LF:7
LH:7
BRDA:3,1,0,1
BRDA:3,1,1,1
BRDA:3,1,2,1
BRDA:4,2,0,1
BRDA:4,2,1,1
BRDA:5,3,0,1
BRDA:5,3,1,0
BRDA:6,4,0,1
BRDA:6,4,1,1
BRF:9
BRH:8
end_of_record
TN:
SF:/home/ubuntu/workspace/app/api.js
FN:11,(anonymous_1)
FN:35,(anonymous_2)
FNF:2
FNH:2
FNDA:10,(anonymous_1)
FNDA:4,(anonymous_2)
DA:3,1
DA:11,1
DA:12,10
DA:13,10
DA:14,10
DA:16,10
DA:17,10
DA:24,4
DA:25,4
DA:28,4
DA:29,12
DA:33,4
DA:35,4
DA:36,4
DA:37,4
LF:15
LH:15
BRF:0
BRH:0
end_of_record
TN:
SF:/home/ubuntu/workspace/app/routes/healhcheck.js
FN:5,(anonymous_1)
FN:9,(anonymous_2)
FNF:2
FNH:1
FNDA:4,(anonymous_1)
FNDA:0,(anonymous_2)
DA:3,1
DA:5,1
DA:6,4
DA:10,0
LF:4
LH:3
BRF:0
BRH:0
end_of_record
TN:
SF:/home/ubuntu/workspace/app/models/notes.js
FN:5,(anonymous_1)
FN:16,(anonymous_2)
FNF:2
FNH:2
FNDA:4,(anonymous_1)
FNDA:24,(anonymous_2)
DA:3,1
DA:5,1
DA:6,4
DA:16,4
DA:17,24
LF:5
LH:5
BRF:0
BRH:0
end_of_record
TN:
SF:/home/ubuntu/workspace/app/models/orders.js
FN:9,(anonymous_1)
FNF:1
FNH:1
FNDA:4,(anonymous_1)
DA:3,1
DA:9,1
DA:10,4
DA:30,4
DA:31,4
DA:33,4
DA:35,4
DA:39,0
DA:40,0
DA:41,0
DA:42,0
DA:43,0
DA:44,0
DA:46,0
DA:47,0
DA:49,0
DA:55,0
DA:56,0
DA:66,0
DA:67,0
DA:71,4
DA:73,4
DA:74,0
DA:75,0
DA:76,0
DA:78,0
DA:79,0
LF:27
LH:9
BRF:0
BRH:0
end_of_record
TN:
SF:/home/ubuntu/workspace/app/utils/eventhandling.js
FN:8,(anonymous_1)
FN:13,(anonymous_2)
FNF:2
FNH:1
FNDA:0,(anonymous_1)
FNDA:5,(anonymous_2)
DA:3,1
DA:8,1
DA:9,0
DA:10,0
DA:13,1
DA:14,5
DA:15,5
DA:16,5
LF:8
LH:6
BRF:0
BRH:0
end_of_record
TN:
SF:/home/ubuntu/workspace/app/models/products.js
FN:5,(anonymous_1)
FN:18,(anonymous_2)
FNF:2
FNH:2
FNDA:4,(anonymous_1)
FNDA:24,(anonymous_2)
DA:3,1
DA:5,1
DA:6,4
DA:18,4
DA:19,24
LF:5
LH:5
BRF:0
BRH:0
end_of_record
TN:
SF:/home/ubuntu/workspace/app/services/payment.js
FNF:0
FNH:0
DA:3,1
DA:7,1
DA:8,0
DA:9,0
DA:10,0
DA:11,0
DA:12,0
DA:20,0
LF:8
LH:2
BRF:0
BRH:0
end_of_record
